<?xml version="1.0" encoding="UTF-8"?>
<!-- Generated by org.testng.reporters.JUnitXMLReporter -->
<testsuite ignored="2" hostname="DESKTOP-U80E17V" failures="0" tests="1" name="Default test" time="4.574" errors="0" timestamp="06 Jan 2024 22:06:07 GMT">
  <testcase classname="com.bootcamp_part1_easy_submission.NavigateAndVerifyElementsTest" name="testNavigateNewPageAndVerifyElements" time="0.717"/>
  <testcase classname="com.bootcamp_part1_easy_submission.NavigateAndVerifyElementsTest" name="testNavigateToWebsiteConfirm" time="0.0">
    <ignored/>
  </testcase> <!-- testNavigateToWebsiteConfirm -->
  <testcase classname="com.bootcamp_part1_easy_submission.NavigateAndVerifyElementsTest" name="testNewPageValidation" time="0.0">
    <ignored/>
  </testcase> <!-- testNewPageValidation -->
</testsuite> <!-- Default test -->
