<?xml version="1.0" encoding="UTF-8"?>
<testng-results ignored="2" total="3" passed="1" failed="0" skipped="0">
  <reporter-output>
  </reporter-output>
  <suite started-at="2024-01-06T22:06:03Z" name="Default suite" finished-at="2024-01-06T22:06:07Z" duration-ms="4574">
    <groups>
    </groups>
    <test started-at="2024-01-06T22:06:03Z" name="Default test" finished-at="2024-01-06T22:06:07Z" duration-ms="4574">
      <class name="com.bootcamp_part1_easy_submission.NavigateAndVerifyElementsTest">
        <test-method is-config="true" signature="openBrowser()[pri:0, instance:com.bootcamp_part1_easy_submission.NavigateAndVerifyElementsTest@59a008ba]" started-at="2024-01-06T17:06:03Z" name="openBrowser" finished-at="2024-01-06T17:06:07Z" duration-ms="3735" status="PASS">
          <reporter-output>
          </reporter-output>
        </test-method> <!-- openBrowser -->
        <test-method signature="testNavigateNewPageAndVerifyElements()[pri:3, instance:com.bootcamp_part1_easy_submission.NavigateAndVerifyElementsTest@59a008ba]" started-at="2024-01-06T17:06:07Z" name="testNavigateNewPageAndVerifyElements" finished-at="2024-01-06T17:06:07Z" duration-ms="717" status="PASS">
          <reporter-output>
          </reporter-output>
        </test-method> <!-- testNavigateNewPageAndVerifyElements -->
        <test-method is-config="true" signature="closeBrowser()[pri:0, instance:com.bootcamp_part1_easy_submission.NavigateAndVerifyElementsTest@59a008ba]" started-at="2024-01-06T17:06:07Z" name="closeBrowser" finished-at="2024-01-06T17:06:07Z" duration-ms="113" status="PASS">
          <reporter-output>
          </reporter-output>
        </test-method> <!-- closeBrowser -->
      </class> <!-- com.bootcamp_part1_easy_submission.NavigateAndVerifyElementsTest -->
    </test> <!-- Default test -->
  </suite> <!-- Default suite -->
</testng-results>
